<?xml version="1.0" encoding="UTF-8"?>
<testng-results skipped="0" failed="0" ignored="0" total="2" passed="2">
  <reporter-output>
  </reporter-output>
  <suite name="Surefire suite" duration-ms="23168" started-at="2019-06-21T10:10:08Z" finished-at="2019-06-21T10:10:31Z">
    <groups>
    </groups>
    <test name="Surefire test" duration-ms="23168" started-at="2019-06-21T10:10:08Z" finished-at="2019-06-21T10:10:31Z">
      <class name="OrangeHrm.TestSuit">
        <test-method status="PASS" signature="openBrowser()[pri:0, instance:OrangeHrm.TestSuit@77b52d12]" name="openBrowser" duration-ms="10846" started-at="2019-06-21T10:10:08Z" finished-at="2019-06-21T10:10:19Z">
          <reporter-output>
          </reporter-output>
        </test-method> <!-- openBrowser -->
        <test-method status="PASS" signature="userLoginSuccessfully()[pri:0, instance:OrangeHrm.TestSuit@77b52d12]" name="userLoginSuccessfully" duration-ms="12283" started-at="2019-06-21T10:10:19Z" finished-at="2019-06-21T10:10:31Z">
          <reporter-output>
          </reporter-output>
        </test-method> <!-- userLoginSuccessfully -->
      </class> <!-- OrangeHrm.TestSuit -->
    </test> <!-- Surefire test -->
  </suite> <!-- Surefire suite -->
</testng-results>
